INFO 2020-10-29 12:47:08,153 登录功能开始
INFO 2020-10-29 12:47:08,369 -输入用户名-
INFO 2020-10-29 12:47:08,605 -输入密码-
INFO 2020-10-29 12:47:09,373 -点击登录-
INFO 2020-10-29 12:47:13,479 添加客户信息开始
INFO 2020-10-29 12:47:18,202 添加客户姓名
INFO 2020-10-29 12:47:18,771 添加客户出生日期
INFO 2020-10-29 12:47:19,001 添加客户创建人
INFO 2020-10-29 12:47:19,293 添加客户email
INFO 2020-10-29 12:47:24,433 -获取弹出框内容-
INFO 2020-10-29 12:47:35,509 登录功能开始
INFO 2020-10-29 12:47:35,684 -输入用户名-
INFO 2020-10-29 12:47:35,960 -输入密码-
INFO 2020-10-29 12:47:36,146 -点击登录-
INFO 2020-10-29 12:47:36,150 -获取弹出框内容-
INFO 2020-10-29 12:47:46,295 登录功能开始
INFO 2020-10-29 12:47:46,415 -输入用户名-
INFO 2020-10-29 12:47:46,548 -输入密码-
INFO 2020-10-29 12:47:46,623 -点击登录-
INFO 2020-10-29 12:47:46,629 -获取弹出框内容-
INFO 2020-10-29 12:48:27,408 登录功能开始
INFO 2020-10-29 12:48:27,582 -输入用户名-
INFO 2020-10-29 12:48:27,716 -输入密码-
INFO 2020-10-29 12:48:27,808 -点击登录-
INFO 2020-10-29 12:48:27,814 -获取弹出框内容-
INFO 2020-10-29 12:48:37,319 登录功能开始
INFO 2020-10-29 12:48:37,482 -输入用户名-
INFO 2020-10-29 12:48:37,654 -输入密码-
INFO 2020-10-29 12:48:38,127 -点击登录-
INFO 2020-10-29 12:49:23,535 登录功能开始
INFO 2020-10-29 12:49:23,620 -输入用户名-
INFO 2020-10-29 12:49:23,748 -输入密码-
INFO 2020-10-29 12:49:25,624 -点击登录-
INFO 2020-10-29 12:49:29,663 添加客户信息开始
INFO 2020-10-29 12:49:34,249 添加客户姓名
INFO 2020-10-29 12:49:34,528 添加客户出生日期
INFO 2020-10-29 12:49:34,604 添加客户创建人
INFO 2020-10-29 12:49:34,700 添加客户email
INFO 2020-10-29 12:49:39,767 -获取弹出框内容-
INFO 2020-10-29 12:49:49,371 登录功能开始
INFO 2020-10-29 12:49:49,465 -输入用户名-
INFO 2020-10-29 12:49:49,591 -输入密码-
INFO 2020-10-29 12:49:49,758 -点击登录-
INFO 2020-10-29 12:49:49,761 -获取弹出框内容-
INFO 2020-10-29 12:49:58,908 登录功能开始
INFO 2020-10-29 12:49:59,351 -输入用户名-
INFO 2020-10-29 12:49:59,500 -输入密码-
INFO 2020-10-29 12:49:59,587 -点击登录-
INFO 2020-10-29 12:49:59,590 -获取弹出框内容-
INFO 2020-10-29 12:50:10,334 登录功能开始
INFO 2020-10-29 12:50:10,865 -输入用户名-
INFO 2020-10-29 12:50:11,076 -输入密码-
INFO 2020-10-29 12:50:11,164 -点击登录-
INFO 2020-10-29 12:50:11,167 -获取弹出框内容-
INFO 2020-10-29 12:50:21,864 登录功能开始
INFO 2020-10-29 12:50:22,152 -输入用户名-
INFO 2020-10-29 12:50:22,441 -输入密码-
INFO 2020-10-29 12:50:22,555 -点击登录-
INFO 2020-10-29 12:50:22,560 -获取弹出框内容-
INFO 2020-10-29 12:50:33,411 登录功能开始
INFO 2020-10-29 12:50:33,523 -输入用户名-
INFO 2020-10-29 12:50:33,662 -输入密码-
INFO 2020-10-29 12:50:34,331 -点击登录-
INFO 2020-10-29 12:50:42,661 登录功能开始
INFO 2020-10-29 12:50:42,860 -输入用户名-
INFO 2020-10-29 12:50:43,033 -输入密码-
INFO 2020-10-29 12:50:43,568 -点击登录-
INFO 2020-10-29 12:50:47,621 添加客户信息开始
INFO 2020-10-29 12:50:49,788 登录功能开始
INFO 2020-10-29 12:50:50,036 -输入用户名-
INFO 2020-10-29 12:50:50,356 -输入密码-
INFO 2020-10-29 12:50:50,961 -点击登录-
INFO 2020-10-29 12:50:52,670 添加客户姓名
INFO 2020-10-29 12:50:53,214 添加客户出生日期
INFO 2020-10-29 12:50:53,326 添加客户创建人
INFO 2020-10-29 12:50:53,497 添加客户email
INFO 2020-10-29 12:50:55,080 添加客户信息开始
INFO 2020-10-29 12:50:58,596 -获取弹出框内容-
INFO 2020-10-29 12:51:00,206 添加客户姓名
INFO 2020-10-29 12:51:00,649 添加客户出生日期
INFO 2020-10-29 12:51:00,791 添加客户创建人
INFO 2020-10-29 12:51:00,907 添加客户email
INFO 2020-10-29 12:51:05,991 -获取弹出框内容-
INFO 2020-10-29 12:51:09,443 登录功能开始
INFO 2020-10-29 12:51:09,642 -输入用户名-
INFO 2020-10-29 12:51:09,897 -输入密码-
INFO 2020-10-29 12:51:10,090 -点击登录-
INFO 2020-10-29 12:51:10,096 -获取弹出框内容-
INFO 2020-10-29 12:51:17,867 登录功能开始
INFO 2020-10-29 12:51:17,987 -输入用户名-
INFO 2020-10-29 12:51:18,208 -输入密码-
INFO 2020-10-29 12:51:18,616 -点击登录-
INFO 2020-10-29 12:51:18,621 -获取弹出框内容-
INFO 2020-10-29 12:51:25,576 登录功能开始
INFO 2020-10-29 12:51:25,731 -输入用户名-
INFO 2020-10-29 12:51:26,267 -输入密码-
INFO 2020-10-29 12:51:26,537 -点击登录-
INFO 2020-10-29 12:51:26,552 -获取弹出框内容-
INFO 2020-10-29 12:51:30,718 登录功能开始
INFO 2020-10-29 12:51:30,807 -输入用户名-
INFO 2020-10-29 12:51:30,985 -输入密码-
INFO 2020-10-29 12:51:31,161 -点击登录-
INFO 2020-10-29 12:51:31,166 -获取弹出框内容-
INFO 2020-10-29 12:51:39,412 登录功能开始
INFO 2020-10-29 12:51:39,661 -输入用户名-
INFO 2020-10-29 12:51:39,864 -输入密码-
INFO 2020-10-29 12:51:40,029 -点击登录-
INFO 2020-10-29 12:51:40,034 -获取弹出框内容-
INFO 2020-10-29 12:51:44,206 登录功能开始
INFO 2020-10-29 12:51:44,355 -输入用户名-
INFO 2020-10-29 12:51:45,019 -输入密码-
INFO 2020-10-29 12:51:45,147 -点击登录-
INFO 2020-10-29 12:51:45,151 -获取弹出框内容-
INFO 2020-10-29 12:51:51,721 登录功能开始
INFO 2020-10-29 12:51:51,897 -输入用户名-
INFO 2020-10-29 12:51:52,111 -输入密码-
INFO 2020-10-29 12:51:52,240 -点击登录-
INFO 2020-10-29 12:51:52,248 -获取弹出框内容-
INFO 2020-10-29 12:52:02,523 登录功能开始
INFO 2020-10-29 12:52:02,630 -输入用户名-
INFO 2020-10-29 12:52:02,761 -输入密码-
INFO 2020-10-29 12:52:02,833 -点击登录-
INFO 2020-10-29 12:52:02,836 -获取弹出框内容-
INFO 2020-10-29 12:52:04,363 登录功能开始
INFO 2020-10-29 12:52:04,502 -输入用户名-
INFO 2020-10-29 12:52:04,697 -输入密码-
INFO 2020-10-29 12:52:05,642 -点击登录-
INFO 2020-10-29 12:52:14,599 登录功能开始
INFO 2020-10-29 12:52:14,774 -输入用户名-
INFO 2020-10-29 12:52:14,951 -输入密码-
INFO 2020-10-29 12:52:15,486 -点击登录-
INFO 2020-10-29 12:53:21,218 登录功能开始
INFO 2020-10-29 12:53:21,420 -输入用户名-
INFO 2020-10-29 12:53:21,647 -输入密码-
INFO 2020-10-29 12:53:21,844 -点击登录-
INFO 2020-10-29 12:53:21,851 -获取弹出框内容-
INFO 2020-10-29 12:53:31,211 登录功能开始
INFO 2020-10-29 12:53:31,321 -输入用户名-
INFO 2020-10-29 12:53:31,547 -输入密码-
INFO 2020-10-29 12:53:31,633 -点击登录-
INFO 2020-10-29 12:53:31,636 -获取弹出框内容-
INFO 2020-10-29 12:53:40,876 登录功能开始
INFO 2020-10-29 12:53:40,988 -输入用户名-
INFO 2020-10-29 12:53:41,164 -输入密码-
INFO 2020-10-29 12:53:41,573 -点击登录-
INFO 2020-10-29 12:53:41,596 -获取弹出框内容-
INFO 2020-10-29 12:53:51,356 登录功能开始
INFO 2020-10-29 12:53:51,503 -输入用户名-
INFO 2020-10-29 12:53:51,660 -输入密码-
INFO 2020-10-29 12:53:51,747 -点击登录-
INFO 2020-10-29 12:53:51,755 -获取弹出框内容-
INFO 2020-10-29 12:54:01,990 登录功能开始
INFO 2020-10-29 12:54:02,142 -输入用户名-
INFO 2020-10-29 12:54:02,283 -输入密码-
INFO 2020-10-29 12:54:02,767 -点击登录-
INFO 2020-10-29 12:56:54,761 登录功能开始
INFO 2020-10-29 12:56:54,861 -输入用户名-
INFO 2020-10-29 12:56:54,996 -输入密码-
INFO 2020-10-29 12:56:55,134 -点击登录-
INFO 2020-10-29 12:56:55,137 -获取弹出框内容-
INFO 2020-10-29 12:57:04,136 登录功能开始
INFO 2020-10-29 12:57:04,218 -输入用户名-
INFO 2020-10-29 12:57:04,358 -输入密码-
INFO 2020-10-29 12:57:04,439 -点击登录-
INFO 2020-10-29 12:57:04,442 -获取弹出框内容-
INFO 2020-10-29 12:57:13,816 登录功能开始
INFO 2020-10-29 12:57:13,907 -输入用户名-
INFO 2020-10-29 12:57:14,030 -输入密码-
INFO 2020-10-29 12:57:14,115 -点击登录-
INFO 2020-10-29 12:57:14,117 -获取弹出框内容-
INFO 2020-10-29 12:57:23,921 登录功能开始
INFO 2020-10-29 12:57:24,072 -输入用户名-
INFO 2020-10-29 12:57:24,242 -输入密码-
INFO 2020-10-29 12:57:24,357 -点击登录-
INFO 2020-10-29 12:57:24,360 -获取弹出框内容-
INFO 2020-10-29 12:57:33,912 登录功能开始
INFO 2020-10-29 12:57:34,110 -输入用户名-
INFO 2020-10-29 12:57:34,279 -输入密码-
INFO 2020-10-29 12:57:34,750 -点击登录-
INFO 2020-10-29 13:05:08,122 登录功能开始
INFO 2020-10-29 13:05:08,242 -输入用户名-
INFO 2020-10-29 13:05:08,394 -输入密码-
INFO 2020-10-29 13:05:08,549 -点击登录-
INFO 2020-10-29 13:05:08,553 -获取弹出框内容-
INFO 2020-10-29 13:05:17,956 登录功能开始
INFO 2020-10-29 13:05:18,094 -输入用户名-
INFO 2020-10-29 13:05:18,299 -输入密码-
INFO 2020-10-29 13:05:18,429 -点击登录-
INFO 2020-10-29 13:05:18,432 -获取弹出框内容-
INFO 2020-10-29 13:05:28,341 登录功能开始
INFO 2020-10-29 13:05:28,471 -输入用户名-
INFO 2020-10-29 13:05:28,670 -输入密码-
INFO 2020-10-29 13:05:28,773 -点击登录-
INFO 2020-10-29 13:05:28,777 -获取弹出框内容-
INFO 2020-10-29 13:05:37,943 登录功能开始
INFO 2020-10-29 13:05:38,047 -输入用户名-
INFO 2020-10-29 13:05:38,173 -输入密码-
INFO 2020-10-29 13:05:38,255 -点击登录-
INFO 2020-10-29 13:05:38,258 -获取弹出框内容-
INFO 2020-10-29 13:05:47,607 登录功能开始
INFO 2020-10-29 13:05:47,716 -输入用户名-
INFO 2020-10-29 13:05:47,857 -输入密码-
INFO 2020-10-29 13:05:48,357 -点击登录-
INFO 2020-10-29 13:20:08,645 登录功能开始
INFO 2020-10-29 13:20:08,749 -输入用户名-
INFO 2020-10-29 13:20:09,153 -输入密码-
INFO 2020-10-29 13:20:09,374 -点击登录-
INFO 2020-10-29 13:20:09,380 -获取弹出框内容-
INFO 2020-10-29 13:20:19,283 登录功能开始
INFO 2020-10-29 13:20:19,410 -输入用户名-
INFO 2020-10-29 13:20:19,572 -输入密码-
INFO 2020-10-29 13:20:19,663 -点击登录-
INFO 2020-10-29 13:20:19,666 -获取弹出框内容-
INFO 2020-10-29 13:20:29,103 登录功能开始
INFO 2020-10-29 13:20:29,303 -输入用户名-
INFO 2020-10-29 13:20:29,470 -输入密码-
INFO 2020-10-29 13:20:29,558 -点击登录-
INFO 2020-10-29 13:20:29,560 -获取弹出框内容-
INFO 2020-10-29 13:20:39,480 登录功能开始
INFO 2020-10-29 13:20:39,617 -输入用户名-
INFO 2020-10-29 13:20:39,779 -输入密码-
INFO 2020-10-29 13:20:39,891 -点击登录-
INFO 2020-10-29 13:20:39,894 -获取弹出框内容-
INFO 2020-10-29 13:20:49,658 登录功能开始
INFO 2020-10-29 13:20:49,775 -输入用户名-
INFO 2020-10-29 13:20:49,933 -输入密码-
INFO 2020-10-29 13:20:50,426 -点击登录-
INFO 2020-10-29 13:35:08,268 登录功能开始
INFO 2020-10-29 13:35:08,406 -输入用户名-
INFO 2020-10-29 13:35:08,594 -输入密码-
INFO 2020-10-29 13:35:08,786 -点击登录-
INFO 2020-10-29 13:35:08,790 -获取弹出框内容-
INFO 2020-10-29 13:35:19,577 登录功能开始
INFO 2020-10-29 13:35:19,715 -输入用户名-
INFO 2020-10-29 13:35:20,010 -输入密码-
INFO 2020-10-29 13:35:20,152 -点击登录-
INFO 2020-10-29 13:35:20,156 -获取弹出框内容-
INFO 2020-10-29 13:35:29,681 登录功能开始
INFO 2020-10-29 13:35:29,770 -输入用户名-
INFO 2020-10-29 13:35:29,897 -输入密码-
INFO 2020-10-29 13:35:29,980 -点击登录-
INFO 2020-10-29 13:35:29,982 -获取弹出框内容-
INFO 2020-10-29 13:35:39,897 登录功能开始
INFO 2020-10-29 13:35:40,064 -输入用户名-
INFO 2020-10-29 13:35:40,215 -输入密码-
INFO 2020-10-29 13:35:40,294 -点击登录-
INFO 2020-10-29 13:35:40,296 -获取弹出框内容-
INFO 2020-10-29 13:35:49,617 登录功能开始
INFO 2020-10-29 13:35:49,734 -输入用户名-
INFO 2020-10-29 13:35:49,873 -输入密码-
INFO 2020-10-29 13:35:50,330 -点击登录-
INFO 2020-10-29 13:50:08,870 登录功能开始
INFO 2020-10-29 13:50:09,347 -输入用户名-
INFO 2020-10-29 13:50:09,494 -输入密码-
INFO 2020-10-29 13:50:09,649 -点击登录-
INFO 2020-10-29 13:50:09,651 -获取弹出框内容-
INFO 2020-10-29 13:50:19,094 登录功能开始
INFO 2020-10-29 13:50:19,361 -输入用户名-
INFO 2020-10-29 13:50:19,509 -输入密码-
INFO 2020-10-29 13:50:19,597 -点击登录-
INFO 2020-10-29 13:50:19,600 -获取弹出框内容-
INFO 2020-10-29 13:50:29,309 登录功能开始
INFO 2020-10-29 13:50:29,410 -输入用户名-
INFO 2020-10-29 13:50:29,537 -输入密码-
INFO 2020-10-29 13:50:29,644 -点击登录-
INFO 2020-10-29 13:50:29,649 -获取弹出框内容-
INFO 2020-10-29 13:50:39,442 登录功能开始
INFO 2020-10-29 13:50:39,552 -输入用户名-
INFO 2020-10-29 13:50:39,686 -输入密码-
INFO 2020-10-29 13:50:39,771 -点击登录-
INFO 2020-10-29 13:50:39,774 -获取弹出框内容-
INFO 2020-10-29 13:50:49,527 登录功能开始
INFO 2020-10-29 13:50:49,647 -输入用户名-
INFO 2020-10-29 13:50:49,794 -输入密码-
INFO 2020-10-29 13:50:50,325 -点击登录-
INFO 2020-10-29 14:05:08,103 登录功能开始
INFO 2020-10-29 14:05:08,229 -输入用户名-
INFO 2020-10-29 14:05:08,420 -输入密码-
INFO 2020-10-29 14:05:08,596 -点击登录-
INFO 2020-10-29 14:05:08,599 -获取弹出框内容-
INFO 2020-10-29 14:05:19,501 登录功能开始
INFO 2020-10-29 14:05:19,744 -输入用户名-
INFO 2020-10-29 14:05:19,972 -输入密码-
INFO 2020-10-29 14:05:20,093 -点击登录-
INFO 2020-10-29 14:05:20,097 -获取弹出框内容-
INFO 2020-10-29 14:05:30,514 登录功能开始
INFO 2020-10-29 14:05:30,599 -输入用户名-
INFO 2020-10-29 14:05:30,727 -输入密码-
INFO 2020-10-29 14:05:30,812 -点击登录-
INFO 2020-10-29 14:05:30,816 -获取弹出框内容-
INFO 2020-10-29 14:05:42,449 登录功能开始
INFO 2020-10-29 14:05:42,598 -输入用户名-
INFO 2020-10-29 14:05:42,759 -输入密码-
INFO 2020-10-29 14:05:42,860 -点击登录-
INFO 2020-10-29 14:05:42,864 -获取弹出框内容-
INFO 2020-10-29 14:05:51,800 登录功能开始
INFO 2020-10-29 14:05:51,893 -输入用户名-
INFO 2020-10-29 14:05:52,015 -输入密码-
INFO 2020-10-29 14:05:52,611 -点击登录-
INFO 2020-10-29 14:20:09,181 登录功能开始
INFO 2020-10-29 14:20:09,323 -输入用户名-
INFO 2020-10-29 14:20:09,460 -输入密码-
INFO 2020-10-29 14:20:09,629 -点击登录-
INFO 2020-10-29 14:20:09,633 -获取弹出框内容-
INFO 2020-10-29 14:20:19,349 登录功能开始
INFO 2020-10-29 14:20:19,461 -输入用户名-
INFO 2020-10-29 14:20:19,631 -输入密码-
INFO 2020-10-29 14:20:19,732 -点击登录-
INFO 2020-10-29 14:20:19,735 -获取弹出框内容-
INFO 2020-10-29 14:20:30,412 登录功能开始
INFO 2020-10-29 14:20:30,517 -输入用户名-
INFO 2020-10-29 14:20:30,639 -输入密码-
INFO 2020-10-29 14:20:30,724 -点击登录-
INFO 2020-10-29 14:20:30,727 -获取弹出框内容-
INFO 2020-10-29 14:20:41,363 登录功能开始
INFO 2020-10-29 14:20:41,537 -输入用户名-
INFO 2020-10-29 14:20:41,751 -输入密码-
INFO 2020-10-29 14:20:41,880 -点击登录-
INFO 2020-10-29 14:20:41,883 -获取弹出框内容-
INFO 2020-10-29 14:35:08,189 登录功能开始
INFO 2020-10-29 14:35:08,297 -输入用户名-
INFO 2020-10-29 14:35:08,442 -输入密码-
INFO 2020-10-29 14:35:08,598 -点击登录-
INFO 2020-10-29 14:35:08,602 -获取弹出框内容-
INFO 2020-10-29 14:35:17,597 登录功能开始
INFO 2020-10-29 14:35:17,730 -输入用户名-
INFO 2020-10-29 14:35:17,900 -输入密码-
INFO 2020-10-29 14:35:17,996 -点击登录-
INFO 2020-10-29 14:35:17,999 -获取弹出框内容-
INFO 2020-10-29 14:35:27,561 登录功能开始
INFO 2020-10-29 14:35:27,660 -输入用户名-
INFO 2020-10-29 14:35:27,838 -输入密码-
INFO 2020-10-29 14:35:27,930 -点击登录-
INFO 2020-10-29 14:35:27,933 -获取弹出框内容-
INFO 2020-10-29 14:35:38,250 登录功能开始
INFO 2020-10-29 14:35:38,386 -输入用户名-
INFO 2020-10-29 14:35:38,522 -输入密码-
INFO 2020-10-29 14:35:38,625 -点击登录-
INFO 2020-10-29 14:35:38,629 -获取弹出框内容-
INFO 2020-10-29 14:35:48,393 登录功能开始
INFO 2020-10-29 14:35:48,588 -输入用户名-
INFO 2020-10-29 14:35:49,170 -输入密码-
INFO 2020-10-29 14:35:49,888 -点击登录-
INFO 2020-10-29 14:50:10,466 登录功能开始
INFO 2020-10-29 14:50:10,653 -输入用户名-
INFO 2020-10-29 14:50:10,841 -输入密码-
INFO 2020-10-29 14:50:11,054 -点击登录-
INFO 2020-10-29 14:50:11,061 -获取弹出框内容-
INFO 2020-10-29 14:50:22,261 登录功能开始
INFO 2020-10-29 14:50:22,381 -输入用户名-
INFO 2020-10-29 14:50:22,553 -输入密码-
INFO 2020-10-29 14:50:22,653 -点击登录-
INFO 2020-10-29 14:50:22,657 -获取弹出框内容-
INFO 2020-10-29 14:50:33,207 登录功能开始
INFO 2020-10-29 14:50:33,300 -输入用户名-
INFO 2020-10-29 14:50:33,423 -输入密码-
INFO 2020-10-29 14:50:33,511 -点击登录-
INFO 2020-10-29 14:50:33,514 -获取弹出框内容-
INFO 2020-10-29 14:50:42,731 登录功能开始
INFO 2020-10-29 14:50:42,838 -输入用户名-
INFO 2020-10-29 14:50:42,985 -输入密码-
INFO 2020-10-29 14:50:43,071 -点击登录-
INFO 2020-10-29 14:50:43,074 -获取弹出框内容-
INFO 2020-10-29 14:50:52,652 登录功能开始
INFO 2020-10-29 14:50:52,909 -输入用户名-
INFO 2020-10-29 14:50:53,172 -输入密码-
INFO 2020-10-29 14:50:53,675 -点击登录-
INFO 2020-10-29 15:05:09,679 登录功能开始
INFO 2020-10-29 15:05:09,780 -输入用户名-
INFO 2020-10-29 15:05:09,914 -输入密码-
INFO 2020-10-29 15:05:10,054 -点击登录-
INFO 2020-10-29 15:05:10,058 -获取弹出框内容-
INFO 2020-10-29 15:05:19,495 登录功能开始
INFO 2020-10-29 15:05:19,634 -输入用户名-
INFO 2020-10-29 15:05:19,809 -输入密码-
INFO 2020-10-29 15:05:19,899 -点击登录-
INFO 2020-10-29 15:05:19,903 -获取弹出框内容-
INFO 2020-10-29 15:05:29,781 登录功能开始
INFO 2020-10-29 15:05:29,866 -输入用户名-
INFO 2020-10-29 15:05:29,980 -输入密码-
INFO 2020-10-29 15:05:30,053 -点击登录-
INFO 2020-10-29 15:05:30,056 -获取弹出框内容-
INFO 2020-10-29 15:05:39,764 登录功能开始
INFO 2020-10-29 15:05:39,895 -输入用户名-
INFO 2020-10-29 15:05:40,023 -输入密码-
INFO 2020-10-29 15:05:40,115 -点击登录-
INFO 2020-10-29 15:05:40,120 -获取弹出框内容-
INFO 2020-10-29 15:05:50,189 登录功能开始
INFO 2020-10-29 15:05:50,307 -输入用户名-
INFO 2020-10-29 15:05:50,437 -输入密码-
INFO 2020-10-29 15:05:51,609 -点击登录-
INFO 2020-10-29 15:20:12,265 登录功能开始
INFO 2020-10-29 15:20:12,372 -输入用户名-
INFO 2020-10-29 15:20:12,524 -输入密码-
INFO 2020-10-29 15:20:12,683 -点击登录-
INFO 2020-10-29 15:20:12,685 -获取弹出框内容-
INFO 2020-10-29 15:20:22,426 登录功能开始
INFO 2020-10-29 15:20:22,525 -输入用户名-
INFO 2020-10-29 15:20:22,675 -输入密码-
INFO 2020-10-29 15:20:22,768 -点击登录-
INFO 2020-10-29 15:20:22,771 -获取弹出框内容-
INFO 2020-10-29 15:20:32,469 登录功能开始
INFO 2020-10-29 15:20:32,571 -输入用户名-
INFO 2020-10-29 15:20:32,734 -输入密码-
INFO 2020-10-29 15:20:32,822 -点击登录-
INFO 2020-10-29 15:20:32,824 -获取弹出框内容-
INFO 2020-10-29 15:20:44,289 登录功能开始
INFO 2020-10-29 15:20:44,414 -输入用户名-
INFO 2020-10-29 15:20:44,549 -输入密码-
INFO 2020-10-29 15:20:44,633 -点击登录-
INFO 2020-10-29 15:20:44,640 -获取弹出框内容-
INFO 2020-10-29 15:20:54,339 登录功能开始
INFO 2020-10-29 15:20:54,486 -输入用户名-
INFO 2020-10-29 15:20:54,668 -输入密码-
INFO 2020-10-29 15:20:55,269 -点击登录-
