INFO 2020-10-28 14:37:20,470 登录功能开始
INFO 2020-10-28 14:37:20,686 -输入用户名-
INFO 2020-10-28 14:37:20,892 -输入密码-
INFO 2020-10-28 14:37:22,833 -点击登录-
INFO 2020-10-28 14:37:26,912 添加客户信息开始
INFO 2020-10-28 14:37:31,849 添加客户姓名
INFO 2020-10-28 14:37:32,429 添加客户出生日期
INFO 2020-10-28 14:37:32,570 添加客户创建人
INFO 2020-10-28 14:37:32,771 添加客户email
INFO 2020-10-28 14:38:15,854 登录功能开始
INFO 2020-10-28 14:38:16,115 -输入用户名-
INFO 2020-10-28 14:38:16,331 -输入密码-
INFO 2020-10-28 14:38:17,028 -点击登录-
INFO 2020-10-28 14:38:21,088 添加客户信息开始
INFO 2020-10-28 14:38:25,944 添加客户姓名
INFO 2020-10-28 14:38:26,374 添加客户出生日期
INFO 2020-10-28 14:38:26,464 添加客户创建人
INFO 2020-10-28 14:38:26,594 添加客户email
INFO 2020-10-28 14:38:31,695 -获取弹出框内容-
INFO 2020-10-28 14:39:44,778 登录功能开始
INFO 2020-10-28 14:39:44,916 -输入用户名-
INFO 2020-10-28 14:39:45,044 -输入密码-
INFO 2020-10-28 14:39:45,549 -点击登录-
INFO 2020-10-28 14:39:49,644 添加客户信息开始
INFO 2020-10-28 14:39:54,602 添加客户姓名
INFO 2020-10-28 14:39:55,116 添加客户出生日期
INFO 2020-10-28 14:39:55,224 添加客户创建人
INFO 2020-10-28 14:39:55,387 添加客户email
INFO 2020-10-28 14:40:00,490 -获取弹出框内容-
INFO 2020-10-28 15:42:06,842 登录功能开始
INFO 2020-10-28 15:42:07,061 -输入用户名-
INFO 2020-10-28 15:42:07,338 -输入密码-
INFO 2020-10-28 15:42:07,901 -点击登录-
INFO 2020-10-28 15:42:11,952 添加客户信息开始
INFO 2020-10-28 15:42:16,793 添加客户姓名
INFO 2020-10-28 15:42:17,310 添加客户出生日期
INFO 2020-10-28 15:42:17,426 添加客户创建人
INFO 2020-10-28 15:42:17,600 添加客户email
INFO 2020-10-28 15:42:22,715 -获取弹出框内容-
INFO 2020-10-28 15:42:33,542 登录功能开始
INFO 2020-10-28 15:42:33,783 -输入用户名-
INFO 2020-10-28 15:42:34,056 -输入密码-
INFO 2020-10-28 15:42:34,260 -点击登录-
INFO 2020-10-28 15:42:34,270 -获取弹出框内容-
INFO 2020-10-28 15:42:46,021 登录功能开始
INFO 2020-10-28 15:42:46,190 -输入用户名-
INFO 2020-10-28 15:42:46,451 -输入密码-
INFO 2020-10-28 15:42:46,572 -点击登录-
INFO 2020-10-28 15:42:46,581 -获取弹出框内容-
INFO 2020-10-28 15:42:57,376 登录功能开始
INFO 2020-10-28 15:42:57,537 -输入用户名-
INFO 2020-10-28 15:42:57,802 -输入密码-
INFO 2020-10-28 15:42:57,923 -点击登录-
INFO 2020-10-28 15:42:57,930 -获取弹出框内容-
INFO 2020-10-28 15:43:10,722 登录功能开始
INFO 2020-10-28 15:43:11,017 -输入用户名-
INFO 2020-10-28 15:43:11,238 -输入密码-
INFO 2020-10-28 15:43:11,391 -点击登录-
INFO 2020-10-28 15:43:11,400 -获取弹出框内容-
INFO 2020-10-28 15:43:21,975 登录功能开始
INFO 2020-10-28 15:43:22,242 -输入用户名-
INFO 2020-10-28 15:43:22,518 -输入密码-
INFO 2020-10-28 15:43:23,162 -点击登录-
INFO 2020-10-28 16:23:48,986 登录功能开始
INFO 2020-10-28 16:23:49,216 -输入用户名-
INFO 2020-10-28 16:23:49,418 -输入密码-
INFO 2020-10-28 16:23:50,082 -点击登录-
INFO 2020-10-28 16:23:54,168 添加客户信息开始
INFO 2020-10-28 16:23:58,918 添加客户姓名
INFO 2020-10-28 16:23:59,345 添加客户出生日期
INFO 2020-10-28 16:23:59,427 添加客户创建人
INFO 2020-10-28 16:23:59,589 添加客户email
INFO 2020-10-28 16:24:04,659 -获取弹出框内容-
INFO 2020-10-28 16:24:14,543 登录功能开始
INFO 2020-10-28 16:24:14,716 -输入用户名-
INFO 2020-10-28 16:24:14,916 -输入密码-
INFO 2020-10-28 16:24:15,172 -点击登录-
INFO 2020-10-28 16:24:15,176 -获取弹出框内容-
INFO 2020-10-28 16:24:24,772 登录功能开始
INFO 2020-10-28 16:24:24,915 -输入用户名-
INFO 2020-10-28 16:24:25,146 -输入密码-
INFO 2020-10-28 16:24:25,255 -点击登录-
INFO 2020-10-28 16:24:25,260 -获取弹出框内容-
INFO 2020-10-28 16:24:35,056 登录功能开始
INFO 2020-10-28 16:24:35,211 -输入用户名-
INFO 2020-10-28 16:24:35,396 -输入密码-
INFO 2020-10-28 16:24:35,532 -点击登录-
INFO 2020-10-28 16:24:35,538 -获取弹出框内容-
INFO 2020-10-28 16:24:46,566 登录功能开始
INFO 2020-10-28 16:24:46,791 -输入用户名-
INFO 2020-10-28 16:24:46,962 -输入密码-
INFO 2020-10-28 16:24:47,087 -点击登录-
INFO 2020-10-28 16:24:47,094 -获取弹出框内容-
INFO 2020-10-28 16:24:58,361 登录功能开始
INFO 2020-10-28 16:24:58,554 -输入用户名-
INFO 2020-10-28 16:24:58,756 -输入密码-
INFO 2020-10-28 16:24:59,261 -点击登录-
