INFO 2020-10-24 09:54:10,227 登录功能开始
INFO 2020-10-24 09:54:10,379 -输入用户名-
INFO 2020-10-24 09:54:10,487 -输入密码-
INFO 2020-10-24 09:54:10,564 -点击登录-
INFO 2020-10-24 09:54:10,566 -获取弹出框内容-
INFO 2020-10-24 09:54:19,899 登录功能开始
INFO 2020-10-24 09:54:20,111 -输入用户名-
INFO 2020-10-24 09:56:46,738 登录功能开始
INFO 2020-10-24 09:56:46,876 -输入用户名-
INFO 2020-10-24 09:56:47,044 -输入密码-
INFO 2020-10-24 09:56:47,153 -点击登录-
INFO 2020-10-24 09:56:47,157 -获取弹出框内容-
INFO 2020-10-24 09:56:58,314 登录功能开始
INFO 2020-10-24 09:56:58,455 -输入用户名-
INFO 2020-10-24 09:58:07,359 登录功能开始
INFO 2020-10-24 09:58:07,876 -输入用户名-
INFO 2020-10-24 09:58:08,597 -输入密码-
INFO 2020-10-24 09:58:08,776 -点击登录-
INFO 2020-10-24 09:58:08,809 -获取弹出框内容-
INFO 2020-10-24 09:58:20,355 登录功能开始
INFO 2020-10-24 09:58:20,517 -输入用户名-
INFO 2020-10-24 10:03:08,063 登录功能开始
INFO 2020-10-24 10:03:08,241 -输入用户名-
INFO 2020-10-24 10:03:08,440 -输入密码-
INFO 2020-10-24 10:03:08,534 -点击登录-
INFO 2020-10-24 10:03:08,534 -获取弹出框内容-
INFO 2020-10-24 10:03:17,926 登录功能开始
INFO 2020-10-24 10:03:18,095 -输入用户名-
INFO 2020-10-24 10:08:09,099 登录功能开始
INFO 2020-10-24 10:08:09,344 -输入用户名-
INFO 2020-10-24 10:09:58,290 登录功能开始
INFO 2020-10-24 10:09:58,457 -输入用户名-
INFO 2020-10-24 10:09:58,618 -输入密码-
INFO 2020-10-24 10:09:59,062 -点击登录-
INFO 2020-10-24 10:17:47,865 登录功能开始
INFO 2020-10-24 10:17:48,029 -输入用户名-
INFO 2020-10-24 10:17:48,187 -输入密码-
INFO 2020-10-24 10:17:48,635 -点击登录-
INFO 2020-10-24 10:20:35,205 登录功能开始
INFO 2020-10-24 10:20:35,328 -输入用户名-
INFO 2020-10-24 10:20:35,441 -输入密码-
INFO 2020-10-24 10:20:35,917 -点击登录-
INFO 2020-10-24 10:24:36,806 登录功能开始
INFO 2020-10-24 10:24:36,949 -输入用户名-
INFO 2020-10-24 10:24:37,101 -输入密码-
INFO 2020-10-24 10:24:37,579 -点击登录-
INFO 2020-10-24 10:25:50,789 登录功能开始
INFO 2020-10-24 10:25:50,971 -输入用户名-
INFO 2020-10-24 10:25:51,136 -输入密码-
INFO 2020-10-24 10:25:51,619 -点击登录-
INFO 2020-10-24 10:27:25,135 登录功能开始
INFO 2020-10-24 10:27:25,291 -输入用户名-
INFO 2020-10-24 10:27:25,456 -输入密码-
INFO 2020-10-24 10:27:25,912 -点击登录-
INFO 2020-10-24 10:33:26,210 登录功能开始
INFO 2020-10-24 10:33:26,371 -输入用户名-
INFO 2020-10-24 10:33:26,551 -输入密码-
INFO 2020-10-24 10:33:27,137 -点击登录-
INFO 2020-10-24 10:41:47,791 登录功能开始
INFO 2020-10-24 10:41:47,959 -输入用户名-
INFO 2020-10-24 10:41:48,142 -输入密码-
INFO 2020-10-24 10:41:48,580 -点击登录-
INFO 2020-10-24 10:42:58,062 登录功能开始
INFO 2020-10-24 10:42:58,233 -输入用户名-
INFO 2020-10-24 10:42:58,390 -输入密码-
INFO 2020-10-24 10:42:58,827 -点击登录-
INFO 2020-10-24 10:53:27,560 登录功能开始
INFO 2020-10-24 10:53:27,737 -输入用户名-
INFO 2020-10-24 10:53:27,946 -输入密码-
INFO 2020-10-24 10:53:28,089 -点击登录-
INFO 2020-10-24 10:53:28,093 -获取弹出框内容-
INFO 2020-10-24 10:53:38,804 登录功能开始
INFO 2020-10-24 10:53:38,980 -输入用户名-
INFO 2020-10-24 10:53:39,201 -输入密码-
INFO 2020-10-24 10:53:39,697 -点击登录-
INFO 2020-10-24 11:08:34,949 登录功能开始
INFO 2020-10-24 11:08:35,053 -输入用户名-
INFO 2020-10-24 11:08:35,199 -输入密码-
INFO 2020-10-24 11:08:35,286 -点击登录-
INFO 2020-10-24 11:08:35,291 -获取弹出框内容-
INFO 2020-10-24 11:08:44,549 登录功能开始
INFO 2020-10-24 11:08:44,730 -输入用户名-
INFO 2020-10-24 11:08:44,943 -输入密码-
INFO 2020-10-24 11:08:45,403 -点击登录-
INFO 2020-10-24 11:15:53,210 登录功能开始
INFO 2020-10-24 11:15:53,336 -输入用户名-
INFO 2020-10-24 11:15:53,456 -输入密码-
INFO 2020-10-24 11:15:53,880 -点击登录-
INFO 2020-10-24 11:24:35,059 登录功能开始
INFO 2020-10-24 11:24:35,201 -输入用户名-
INFO 2020-10-24 11:24:35,375 -输入密码-
INFO 2020-10-24 11:24:35,472 -点击登录-
INFO 2020-10-24 11:24:35,476 -获取弹出框内容-
INFO 2020-10-24 11:24:54,931 登录功能开始
INFO 2020-10-24 11:24:55,190 -输入用户名-
INFO 2020-10-24 11:24:55,443 -输入密码-
INFO 2020-10-24 11:24:56,070 -点击登录-
INFO 2020-10-24 11:26:32,169 登录功能开始
INFO 2020-10-24 11:26:32,286 -输入用户名-
INFO 2020-10-24 11:26:32,482 -输入密码-
INFO 2020-10-24 11:26:32,581 -点击登录-
INFO 2020-10-24 11:26:32,585 -获取弹出框内容-
INFO 2020-10-24 11:27:42,127 登录功能开始
INFO 2020-10-24 11:27:42,268 -输入用户名-
INFO 2020-10-24 11:27:42,478 -输入密码-
INFO 2020-10-24 11:27:42,563 -点击登录-
INFO 2020-10-24 11:27:42,567 -获取弹出框内容-
INFO 2020-10-24 11:28:57,562 登录功能开始
INFO 2020-10-24 11:28:57,691 -输入用户名-
INFO 2020-10-24 11:28:57,900 -输入密码-
INFO 2020-10-24 11:28:57,982 -点击登录-
INFO 2020-10-24 11:28:57,985 -获取弹出框内容-
INFO 2020-10-24 11:29:26,665 登录功能开始
INFO 2020-10-24 11:29:26,857 -输入用户名-
INFO 2020-10-24 11:29:27,064 -输入密码-
INFO 2020-10-24 11:29:27,232 -点击登录-
INFO 2020-10-24 11:29:27,241 -获取弹出框内容-
INFO 2020-10-24 11:31:10,488 登录功能开始
INFO 2020-10-24 11:31:10,665 -输入用户名-
INFO 2020-10-24 11:31:10,829 -输入密码-
INFO 2020-10-24 11:31:10,936 -点击登录-
INFO 2020-10-24 11:31:10,939 -获取弹出框内容-
INFO 2020-10-24 11:33:10,926 登录功能开始
INFO 2020-10-24 11:33:11,130 -输入用户名-
INFO 2020-10-24 11:33:11,341 -输入密码-
INFO 2020-10-24 11:33:11,458 -点击登录-
INFO 2020-10-24 11:33:11,463 -获取弹出框内容-
INFO 2020-10-24 11:34:29,742 登录功能开始
INFO 2020-10-24 11:34:29,898 -输入用户名-
INFO 2020-10-24 11:34:30,054 -输入密码-
INFO 2020-10-24 11:34:30,148 -点击登录-
INFO 2020-10-24 11:34:30,151 -获取弹出框内容-
INFO 2020-10-24 11:35:03,268 登录功能开始
INFO 2020-10-24 11:35:03,474 -输入用户名-
INFO 2020-10-24 11:35:03,772 -输入密码-
INFO 2020-10-24 11:35:03,940 -点击登录-
INFO 2020-10-24 11:35:03,944 -获取弹出框内容-
INFO 2020-10-24 11:35:58,787 登录功能开始
INFO 2020-10-24 11:35:58,964 -输入用户名-
INFO 2020-10-24 11:35:59,213 -输入密码-
INFO 2020-10-24 11:35:59,412 -点击登录-
INFO 2020-10-24 11:35:59,418 -获取弹出框内容-
INFO 2020-10-24 14:00:16,200 登录功能开始
INFO 2020-10-24 14:00:16,392 -输入用户名-
INFO 2020-10-24 14:00:16,635 -输入密码-
INFO 2020-10-24 14:00:17,562 -点击登录-
INFO 2020-10-24 14:01:09,114 登录功能开始
INFO 2020-10-24 14:01:09,240 -输入用户名-
INFO 2020-10-24 14:01:09,364 -输入密码-
INFO 2020-10-24 14:01:09,760 -点击登录-
INFO 2020-10-24 14:04:05,604 登录功能开始
INFO 2020-10-24 14:04:05,855 -输入用户名-
INFO 2020-10-24 14:04:06,142 -输入密码-
INFO 2020-10-24 14:04:06,584 -点击登录-
INFO 2020-10-24 14:08:43,635 登录功能开始
INFO 2020-10-24 14:08:43,788 -输入用户名-
INFO 2020-10-24 14:08:43,968 -输入密码-
INFO 2020-10-24 14:08:44,434 -点击登录-
INFO 2020-10-24 14:09:21,371 登录功能开始
INFO 2020-10-24 14:09:21,373 登录功能开始
INFO 2020-10-24 14:09:21,515 -输入用户名-
INFO 2020-10-24 14:09:21,653 -输入密码-
INFO 2020-10-24 14:09:22,110 -点击登录-
INFO 2020-10-24 14:09:26,155 添加客户信息开始
INFO 2020-10-24 14:09:45,890 登录功能开始
INFO 2020-10-24 14:09:46,085 -输入用户名-
INFO 2020-10-24 14:09:46,282 -输入密码-
INFO 2020-10-24 14:09:46,689 -点击登录-
INFO 2020-10-24 14:18:36,613 登录功能开始
INFO 2020-10-24 14:18:36,615 登录功能开始
INFO 2020-10-24 14:18:36,741 -输入用户名-
INFO 2020-10-24 14:18:36,852 -输入密码-
INFO 2020-10-24 14:18:37,319 -点击登录-
INFO 2020-10-24 14:18:41,362 添加客户信息开始
INFO 2020-10-24 14:19:39,461 登录功能开始
INFO 2020-10-24 14:19:39,464 登录功能开始
INFO 2020-10-24 14:19:39,684 -输入用户名-
INFO 2020-10-24 14:19:40,008 -输入密码-
INFO 2020-10-24 14:19:40,625 -点击登录-
INFO 2020-10-24 14:19:44,670 添加客户信息开始
INFO 2020-10-24 14:24:02,395 登录功能开始
INFO 2020-10-24 14:24:02,398 登录功能开始
INFO 2020-10-24 14:24:02,557 -输入用户名-
INFO 2020-10-24 14:24:02,727 -输入密码-
INFO 2020-10-24 14:24:03,235 -点击登录-
INFO 2020-10-24 14:24:07,289 添加客户信息开始
INFO 2020-10-24 14:26:05,275 登录功能开始
INFO 2020-10-24 14:26:05,277 登录功能开始
INFO 2020-10-24 14:26:05,439 -输入用户名-
INFO 2020-10-24 14:26:05,646 -输入密码-
INFO 2020-10-24 14:26:06,320 -点击登录-
INFO 2020-10-24 14:26:10,377 添加客户信息开始
INFO 2020-10-24 14:26:24,998 添加客户姓名
INFO 2020-10-24 14:26:25,117 添加客户出生日期
INFO 2020-10-24 14:26:25,218 添加客户email
INFO 2020-10-24 14:26:25,327 添加客户创建人
INFO 2020-10-24 14:29:00,256 登录功能开始
INFO 2020-10-24 14:29:00,258 登录功能开始
INFO 2020-10-24 14:29:00,431 -输入用户名-
INFO 2020-10-24 14:29:00,725 -输入密码-
INFO 2020-10-24 14:29:01,459 -点击登录-
INFO 2020-10-24 14:29:05,502 添加客户信息开始
INFO 2020-10-24 14:29:20,095 添加客户姓名
INFO 2020-10-24 14:29:20,201 添加客户出生日期
INFO 2020-10-24 14:29:20,334 添加客户email
INFO 2020-10-24 14:29:20,455 添加客户创建人
INFO 2020-10-24 14:29:20,566 点击添加
INFO 2020-10-24 14:29:20,574 -获取弹出框内容-
INFO 2020-10-24 14:31:10,879 登录功能开始
INFO 2020-10-24 14:31:10,881 登录功能开始
INFO 2020-10-24 14:31:11,052 -输入用户名-
INFO 2020-10-24 14:31:11,205 -输入密码-
INFO 2020-10-24 14:31:11,634 -点击登录-
INFO 2020-10-24 14:31:15,688 添加客户信息开始
INFO 2020-10-24 14:31:30,396 添加客户姓名
INFO 2020-10-24 14:31:30,490 添加客户出生日期
INFO 2020-10-24 14:31:30,587 添加客户email
INFO 2020-10-24 14:31:30,710 添加客户创建人
INFO 2020-10-24 14:31:30,808 点击添加
INFO 2020-10-24 14:31:30,812 -获取弹出框内容-
INFO 2020-10-24 14:35:42,962 登录功能开始
INFO 2020-10-24 14:35:42,965 登录功能开始
INFO 2020-10-24 14:35:43,123 -输入用户名-
INFO 2020-10-24 14:35:43,291 -输入密码-
INFO 2020-10-24 14:35:43,718 -点击登录-
INFO 2020-10-24 14:35:47,773 添加客户信息开始
INFO 2020-10-24 14:36:02,373 添加客户姓名
INFO 2020-10-24 14:36:02,492 添加客户出生日期
INFO 2020-10-24 14:36:02,603 添加客户email
INFO 2020-10-24 14:36:02,725 添加客户创建人
INFO 2020-10-24 14:36:02,838 点击添加
INFO 2020-10-24 14:36:02,841 -获取弹出框内容-
INFO 2020-10-24 14:38:45,683 登录功能开始
INFO 2020-10-24 14:38:45,685 登录功能开始
INFO 2020-10-24 14:38:45,831 -输入用户名-
INFO 2020-10-24 14:38:45,985 -输入密码-
INFO 2020-10-24 14:38:46,410 -点击登录-
INFO 2020-10-24 14:38:50,466 添加客户信息开始
INFO 2020-10-24 14:39:05,072 添加客户姓名
INFO 2020-10-24 14:39:05,148 添加客户出生日期
INFO 2020-10-24 14:39:05,218 添加客户email
INFO 2020-10-24 14:39:05,292 添加客户创建人
INFO 2020-10-24 14:39:05,416 点击添加
INFO 2020-10-24 14:39:05,423 -获取弹出框内容-
INFO 2020-10-24 14:52:23,412 登录功能开始
INFO 2020-10-24 14:52:23,415 登录功能开始
INFO 2020-10-24 14:52:23,583 -输入用户名-
INFO 2020-10-24 14:52:23,765 -输入密码-
INFO 2020-10-24 14:52:24,190 -点击登录-
INFO 2020-10-24 14:52:28,216 添加客户信息开始
INFO 2020-10-24 14:52:42,860 添加客户姓名
INFO 2020-10-24 14:54:51,804 登录功能开始
INFO 2020-10-24 14:54:51,807 登录功能开始
INFO 2020-10-24 14:54:51,990 -输入用户名-
INFO 2020-10-24 14:54:52,192 -输入密码-
INFO 2020-10-24 14:54:52,625 -点击登录-
INFO 2020-10-24 14:54:56,682 添加客户信息开始
INFO 2020-10-24 14:55:11,352 添加客户姓名
INFO 2020-10-24 14:56:21,525 登录功能开始
INFO 2020-10-24 14:56:21,528 登录功能开始
INFO 2020-10-24 14:56:21,715 -输入用户名-
INFO 2020-10-24 14:56:21,883 -输入密码-
INFO 2020-10-24 14:56:22,352 -点击登录-
INFO 2020-10-24 14:56:26,414 添加客户信息开始
INFO 2020-10-24 14:56:40,983 添加客户姓名
INFO 2020-10-24 14:56:41,074 添加客户出生日期
INFO 2020-10-24 14:56:41,162 添加客户email
INFO 2020-10-24 14:56:41,283 添加客户创建人
INFO 2020-10-24 14:56:41,390 点击添加
INFO 2020-10-24 14:56:41,395 -获取弹出框内容-
INFO 2020-10-24 15:00:04,513 登录功能开始
INFO 2020-10-24 15:00:04,516 登录功能开始
INFO 2020-10-24 15:00:04,674 -输入用户名-
INFO 2020-10-24 15:00:04,858 -输入密码-
INFO 2020-10-24 15:00:05,541 -点击登录-
INFO 2020-10-24 15:00:09,591 添加客户信息开始
INFO 2020-10-24 15:00:24,256 添加客户姓名
INFO 2020-10-24 15:00:24,350 添加客户出生日期
INFO 2020-10-24 15:00:24,463 添加客户email
INFO 2020-10-24 15:00:24,573 添加客户创建人
INFO 2020-10-24 15:00:24,668 点击添加
INFO 2020-10-24 15:00:24,673 -获取弹出框内容-
INFO 2020-10-24 15:02:23,403 登录功能开始
INFO 2020-10-24 15:02:23,406 登录功能开始
INFO 2020-10-24 15:02:23,560 -输入用户名-
INFO 2020-10-24 15:02:23,734 -输入密码-
INFO 2020-10-24 15:02:24,171 -点击登录-
INFO 2020-10-24 15:02:28,253 添加客户信息开始
INFO 2020-10-24 15:02:42,882 添加客户姓名
INFO 2020-10-24 15:02:42,965 添加客户出生日期
INFO 2020-10-24 15:02:43,055 添加客户email
INFO 2020-10-24 15:02:43,176 添加客户创建人
INFO 2020-10-24 15:02:43,283 点击添加
INFO 2020-10-24 15:02:43,288 -获取弹出框内容-
INFO 2020-10-24 15:03:18,935 登录功能开始
INFO 2020-10-24 15:03:18,938 登录功能开始
INFO 2020-10-24 15:03:19,170 -输入用户名-
INFO 2020-10-24 15:03:19,419 -输入密码-
INFO 2020-10-24 15:03:20,008 -点击登录-
INFO 2020-10-24 15:03:24,061 添加客户信息开始
INFO 2020-10-24 15:03:38,668 添加客户姓名
INFO 2020-10-24 15:03:38,737 添加客户出生日期
INFO 2020-10-24 15:03:38,848 添加客户email
INFO 2020-10-24 15:03:38,964 添加客户创建人
INFO 2020-10-24 15:03:39,072 点击添加
INFO 2020-10-24 15:03:39,078 -获取弹出框内容-
INFO 2020-10-24 15:04:25,597 登录功能开始
INFO 2020-10-24 15:04:25,600 登录功能开始
INFO 2020-10-24 15:04:25,757 -输入用户名-
INFO 2020-10-24 15:04:25,974 -输入密码-
INFO 2020-10-24 15:04:26,385 -点击登录-
INFO 2020-10-24 15:04:30,433 添加客户信息开始
INFO 2020-10-24 15:04:45,086 添加客户姓名
INFO 2020-10-24 15:04:45,188 添加客户出生日期
INFO 2020-10-24 15:04:45,297 添加客户email
INFO 2020-10-24 15:04:45,452 添加客户创建人
INFO 2020-10-24 15:04:45,589 点击添加
INFO 2020-10-24 15:04:45,594 -获取弹出框内容-
INFO 2020-10-24 15:06:50,553 登录功能开始
INFO 2020-10-24 15:06:50,556 登录功能开始
INFO 2020-10-24 15:06:50,752 -输入用户名-
INFO 2020-10-24 15:06:50,998 -输入密码-
INFO 2020-10-24 15:06:51,493 -点击登录-
INFO 2020-10-24 15:06:55,537 添加客户信息开始
INFO 2020-10-24 15:07:10,209 添加客户姓名
INFO 2020-10-24 15:07:10,296 添加客户出生日期
INFO 2020-10-24 15:07:10,372 添加客户email
INFO 2020-10-24 15:07:10,489 添加客户创建人
INFO 2020-10-24 15:07:10,599 点击添加
INFO 2020-10-24 15:07:10,604 -获取弹出框内容-
INFO 2020-10-24 15:10:14,722 登录功能开始
INFO 2020-10-24 15:10:14,911 -输入用户名-
INFO 2020-10-24 15:10:15,141 -输入密码-
INFO 2020-10-24 15:10:15,652 -点击登录-
INFO 2020-10-24 15:10:19,699 添加客户信息开始
INFO 2020-10-24 15:10:34,353 添加客户姓名
INFO 2020-10-24 15:10:34,586 添加客户出生日期
INFO 2020-10-24 15:10:34,668 添加客户email
INFO 2020-10-24 15:10:34,780 添加客户创建人
INFO 2020-10-24 15:13:29,149 登录功能开始
INFO 2020-10-24 15:13:29,333 -输入用户名-
INFO 2020-10-24 15:13:29,545 -输入密码-
INFO 2020-10-24 15:13:30,043 -点击登录-
INFO 2020-10-24 15:13:34,096 添加客户信息开始
INFO 2020-10-24 15:13:48,719 添加客户姓名
INFO 2020-10-24 15:13:48,926 添加客户出生日期
INFO 2020-10-24 15:13:49,013 添加客户email
INFO 2020-10-24 15:13:49,121 添加客户创建人
INFO 2020-10-24 15:13:49,234 点击添加
INFO 2020-10-24 15:13:49,243 -获取弹出框内容-
INFO 2020-10-24 15:15:13,445 登录功能开始
INFO 2020-10-24 15:15:13,568 -输入用户名-
INFO 2020-10-24 15:15:13,685 -输入密码-
INFO 2020-10-24 15:15:14,056 -点击登录-
INFO 2020-10-24 15:15:18,118 添加客户信息开始
INFO 2020-10-24 15:15:32,779 添加客户姓名
INFO 2020-10-24 15:15:33,110 添加客户出生日期
INFO 2020-10-24 15:15:33,196 添加客户email
INFO 2020-10-24 15:15:33,309 添加客户创建人
INFO 2020-10-24 15:17:08,486 登录功能开始
INFO 2020-10-24 15:17:08,639 -输入用户名-
INFO 2020-10-24 15:17:08,751 -输入密码-
INFO 2020-10-24 15:17:09,241 -点击登录-
INFO 2020-10-24 15:17:13,295 添加客户信息开始
INFO 2020-10-24 15:17:27,901 添加客户姓名
INFO 2020-10-24 15:17:28,123 添加客户出生日期
INFO 2020-10-24 15:17:28,192 添加客户email
INFO 2020-10-24 15:17:28,277 添加客户创建人
INFO 2020-10-24 15:17:31,378 点击添加
INFO 2020-10-24 15:17:31,386 -获取弹出框内容-
INFO 2020-10-24 15:24:42,324 登录功能开始
INFO 2020-10-24 15:24:42,493 -输入用户名-
INFO 2020-10-24 15:24:42,748 -输入密码-
INFO 2020-10-24 15:24:43,332 -点击登录-
INFO 2020-10-24 15:24:47,398 添加客户信息开始
INFO 2020-10-24 15:25:02,004 添加客户姓名
INFO 2020-10-24 15:25:02,312 添加客户出生日期
INFO 2020-10-24 15:25:02,391 添加客户email
INFO 2020-10-24 15:25:02,507 添加客户创建人
INFO 2020-10-24 15:25:05,643 点击添加
INFO 2020-10-24 15:25:05,648 -获取弹出框内容-
INFO 2020-10-24 15:27:39,580 登录功能开始
INFO 2020-10-24 15:27:39,752 -输入用户名-
INFO 2020-10-24 15:27:39,924 -输入密码-
INFO 2020-10-24 15:27:40,383 -点击登录-
INFO 2020-10-24 15:27:44,449 添加客户信息开始
INFO 2020-10-24 15:27:59,080 添加客户姓名
INFO 2020-10-24 15:27:59,372 添加客户出生日期
INFO 2020-10-24 15:31:58,285 登录功能开始
INFO 2020-10-24 15:31:58,553 -输入用户名-
INFO 2020-10-24 15:31:58,796 -输入密码-
INFO 2020-10-24 15:31:59,334 -点击登录-
INFO 2020-10-24 15:32:03,386 添加客户信息开始
INFO 2020-10-24 15:32:18,035 添加客户姓名
INFO 2020-10-24 15:32:18,363 添加客户出生日期
INFO 2020-10-24 15:42:22,007 登录功能开始
INFO 2020-10-24 15:42:22,181 -输入用户名-
INFO 2020-10-24 15:42:22,355 -输入密码-
INFO 2020-10-24 15:42:22,788 -点击登录-
INFO 2020-10-24 15:42:26,831 添加客户信息开始
INFO 2020-10-24 15:42:41,488 添加客户姓名
INFO 2020-10-24 15:42:41,708 添加客户出生日期
INFO 2020-10-24 15:44:10,440 登录功能开始
INFO 2020-10-24 15:44:10,565 -输入用户名-
INFO 2020-10-24 15:44:10,694 -输入密码-
INFO 2020-10-24 15:44:11,124 -点击登录-
INFO 2020-10-24 15:44:15,177 添加客户信息开始
INFO 2020-10-24 15:44:29,769 添加客户姓名
INFO 2020-10-24 15:44:59,636 登录功能开始
INFO 2020-10-24 15:44:59,823 -输入用户名-
INFO 2020-10-24 15:45:00,037 -输入密码-
INFO 2020-10-24 15:45:00,503 -点击登录-
INFO 2020-10-24 15:45:04,557 添加客户信息开始
INFO 2020-10-24 15:45:19,173 添加客户姓名
INFO 2020-10-24 15:46:16,186 登录功能开始
INFO 2020-10-24 15:46:16,417 -输入用户名-
INFO 2020-10-24 15:46:16,687 -输入密码-
INFO 2020-10-24 15:46:17,178 -点击登录-
INFO 2020-10-24 15:46:21,231 添加客户信息开始
INFO 2020-10-24 15:46:35,839 添加客户姓名
INFO 2020-10-24 15:46:35,928 添加客户出生日期
INFO 2020-10-24 15:46:36,114 添加客户创建人
INFO 2020-10-24 15:46:36,188 添加客户email
INFO 2020-10-24 15:46:39,312 点击添加
INFO 2020-10-24 15:46:39,317 -获取弹出框内容-
INFO 2020-10-24 15:49:10,427 登录功能开始
INFO 2020-10-24 15:49:10,592 -输入用户名-
INFO 2020-10-24 15:49:10,741 -输入密码-
INFO 2020-10-24 15:49:11,167 -点击登录-
INFO 2020-10-24 15:49:15,217 添加客户信息开始
INFO 2020-10-24 15:49:29,853 添加客户姓名
INFO 2020-10-24 15:49:30,059 添加客户出生日期
INFO 2020-10-24 15:49:30,155 添加客户创建人
INFO 2020-10-24 15:49:30,224 添加客户email
INFO 2020-10-24 15:49:33,331 点击添加
INFO 2020-10-24 15:49:33,335 -获取弹出框内容-
INFO 2020-10-24 15:50:05,776 登录功能开始
INFO 2020-10-24 15:50:06,023 -输入用户名-
INFO 2020-10-24 15:50:06,254 -输入密码-
INFO 2020-10-24 15:50:06,795 -点击登录-
INFO 2020-10-24 15:50:10,836 添加客户信息开始
INFO 2020-10-24 15:50:25,427 添加客户姓名
INFO 2020-10-24 15:50:25,735 添加客户出生日期
INFO 2020-10-24 15:50:25,851 添加客户创建人
INFO 2020-10-24 15:50:25,948 添加客户email
INFO 2020-10-24 15:50:29,055 点击添加
INFO 2020-10-24 15:50:29,061 -获取弹出框内容-
INFO 2020-10-24 15:52:09,780 登录功能开始
INFO 2020-10-24 15:52:09,970 -输入用户名-
INFO 2020-10-24 15:52:10,164 -输入密码-
INFO 2020-10-24 15:52:10,627 -点击登录-
INFO 2020-10-24 15:52:14,665 添加客户信息开始
INFO 2020-10-24 15:52:29,312 添加客户姓名
INFO 2020-10-24 15:52:29,620 添加客户出生日期
INFO 2020-10-24 15:52:29,739 添加客户创建人
INFO 2020-10-24 15:52:29,817 添加客户email
INFO 2020-10-24 15:52:32,926 点击添加
INFO 2020-10-24 15:52:32,931 -获取弹出框内容-
INFO 2020-10-24 15:56:39,634 登录功能开始
INFO 2020-10-24 15:56:39,792 -输入用户名-
INFO 2020-10-24 15:56:39,959 -输入密码-
INFO 2020-10-24 15:56:40,386 -点击登录-
INFO 2020-10-24 15:56:44,440 添加客户信息开始
INFO 2020-10-24 15:56:59,124 添加客户姓名
INFO 2020-10-24 15:56:59,433 添加客户出生日期
INFO 2020-10-24 15:56:59,545 添加客户创建人
INFO 2020-10-24 15:56:59,614 添加客户email
INFO 2020-10-24 15:57:02,715 点击添加
INFO 2020-10-24 15:57:02,719 -获取弹出框内容-
INFO 2020-10-24 16:00:54,611 登录功能开始
INFO 2020-10-24 16:00:54,773 -输入用户名-
INFO 2020-10-24 16:00:54,946 -输入密码-
INFO 2020-10-24 16:00:55,360 -点击登录-
INFO 2020-10-24 16:00:59,414 添加客户信息开始
INFO 2020-10-24 16:01:14,038 添加客户姓名
INFO 2020-10-24 16:01:14,373 添加客户出生日期
INFO 2020-10-24 16:01:14,504 添加客户创建人
INFO 2020-10-24 16:01:14,586 添加客户email
INFO 2020-10-24 16:03:06,319 登录功能开始
INFO 2020-10-24 16:03:06,490 -输入用户名-
INFO 2020-10-24 16:03:06,659 -输入密码-
INFO 2020-10-24 16:03:07,147 -点击登录-
INFO 2020-10-24 16:03:11,212 添加客户信息开始
INFO 2020-10-24 16:03:25,864 添加客户姓名
INFO 2020-10-24 16:03:26,211 添加客户出生日期
INFO 2020-10-24 16:03:26,324 添加客户创建人
INFO 2020-10-24 16:03:26,401 添加客户email
INFO 2020-10-24 16:03:29,508 点击添加
INFO 2020-10-24 16:03:39,512 -获取弹出框内容-
INFO 2020-10-24 16:07:29,040 登录功能开始
INFO 2020-10-24 16:07:29,188 -输入用户名-
INFO 2020-10-24 16:07:29,371 -输入密码-
INFO 2020-10-24 16:07:29,783 -点击登录-
INFO 2020-10-24 16:07:33,831 添加客户信息开始
INFO 2020-10-24 16:07:48,529 添加客户姓名
INFO 2020-10-24 16:07:48,819 添加客户出生日期
INFO 2020-10-24 16:07:48,899 添加客户创建人
INFO 2020-10-24 16:07:49,008 添加客户email
INFO 2020-10-24 16:07:52,175 点击添加
INFO 2020-10-24 16:13:06,553 登录功能开始
INFO 2020-10-24 16:13:06,731 -输入用户名-
INFO 2020-10-24 16:13:06,944 -输入密码-
INFO 2020-10-24 16:13:07,552 -点击登录-
INFO 2020-10-24 16:13:11,593 添加客户信息开始
INFO 2020-10-24 16:13:26,243 添加客户姓名
INFO 2020-10-24 16:13:26,580 添加客户出生日期
INFO 2020-10-24 16:13:26,663 添加客户创建人
INFO 2020-10-24 16:13:26,785 添加客户email
INFO 2020-10-24 16:18:41,364 登录功能开始
INFO 2020-10-24 16:18:41,514 -输入用户名-
INFO 2020-10-24 16:18:41,733 -输入密码-
INFO 2020-10-24 16:18:42,231 -点击登录-
INFO 2020-10-24 16:18:46,299 添加客户信息开始
INFO 2020-10-24 16:19:01,001 添加客户姓名
INFO 2020-10-24 16:19:01,333 添加客户出生日期
INFO 2020-10-24 16:19:01,410 添加客户创建人
INFO 2020-10-24 16:19:01,526 添加客户email
INFO 2020-10-24 16:24:18,104 登录功能开始
INFO 2020-10-24 16:24:18,302 -输入用户名-
INFO 2020-10-24 16:24:18,499 -输入密码-
INFO 2020-10-24 16:24:19,161 -点击登录-
INFO 2020-10-24 16:24:23,210 添加客户信息开始
INFO 2020-10-24 16:24:37,886 添加客户姓名
INFO 2020-10-24 16:24:38,217 添加客户出生日期
INFO 2020-10-24 16:24:38,299 添加客户创建人
INFO 2020-10-24 16:24:38,418 添加客户email
INFO 2020-10-24 16:31:08,602 登录功能开始
INFO 2020-10-24 16:31:08,841 -输入用户名-
INFO 2020-10-24 16:31:09,091 -输入密码-
INFO 2020-10-24 16:31:09,604 -点击登录-
INFO 2020-10-24 16:31:13,652 添加客户信息开始
INFO 2020-10-24 16:31:28,429 添加客户姓名
INFO 2020-10-24 16:31:28,774 添加客户出生日期
INFO 2020-10-24 16:31:28,863 添加客户创建人
INFO 2020-10-24 16:31:28,986 添加客户email
INFO 2020-10-24 16:31:32,000 点击添加
INFO 2020-10-24 16:33:01,527 登录功能开始
INFO 2020-10-24 16:33:01,689 -输入用户名-
INFO 2020-10-24 16:33:01,876 -输入密码-
INFO 2020-10-24 16:33:02,339 -点击登录-
INFO 2020-10-24 16:33:06,380 添加客户信息开始
INFO 2020-10-24 16:33:21,112 添加客户姓名
INFO 2020-10-24 16:33:21,438 添加客户出生日期
INFO 2020-10-24 16:33:21,513 添加客户创建人
INFO 2020-10-24 16:33:21,632 添加客户email
INFO 2020-10-24 16:33:24,648 点击添加
INFO 2020-10-24 16:36:51,904 登录功能开始
INFO 2020-10-24 16:36:52,096 -输入用户名-
INFO 2020-10-24 16:36:52,315 -输入密码-
INFO 2020-10-24 16:36:52,943 -点击登录-
INFO 2020-10-24 16:36:56,991 添加客户信息开始
INFO 2020-10-24 16:37:11,568 添加客户姓名
INFO 2020-10-24 16:37:11,887 添加客户出生日期
INFO 2020-10-24 16:37:11,959 添加客户创建人
INFO 2020-10-24 16:37:12,072 添加客户email
INFO 2020-10-24 16:37:15,088 点击添加
INFO 2020-10-24 16:38:47,543 登录功能开始
INFO 2020-10-24 16:38:47,729 -输入用户名-
INFO 2020-10-24 16:38:47,971 -输入密码-
INFO 2020-10-24 16:38:48,571 -点击登录-
INFO 2020-10-24 16:38:52,631 添加客户信息开始
INFO 2020-10-24 16:39:07,212 添加客户姓名
INFO 2020-10-24 16:39:07,535 添加客户出生日期
INFO 2020-10-24 16:39:07,633 添加客户创建人
INFO 2020-10-24 16:39:07,750 添加客户email
INFO 2020-10-24 16:39:10,752 点击添加
INFO 2020-10-24 16:41:19,858 登录功能开始
INFO 2020-10-24 16:41:20,011 -输入用户名-
INFO 2020-10-24 16:41:20,177 -输入密码-
INFO 2020-10-24 16:41:20,663 -点击登录-
INFO 2020-10-24 16:41:24,713 添加客户信息开始
INFO 2020-10-24 16:41:39,365 添加客户姓名
INFO 2020-10-24 16:41:39,760 添加客户出生日期
INFO 2020-10-24 16:41:39,847 添加客户创建人
INFO 2020-10-24 16:41:39,983 添加客户email
INFO 2020-10-24 16:42:40,464 登录功能开始
INFO 2020-10-24 16:42:40,626 -输入用户名-
INFO 2020-10-24 16:42:40,799 -输入密码-
INFO 2020-10-24 16:42:41,208 -点击登录-
INFO 2020-10-24 16:42:45,254 添加客户信息开始
INFO 2020-10-24 16:42:49,892 添加客户姓名
INFO 2020-10-24 16:42:50,383 添加客户出生日期
INFO 2020-10-24 16:42:50,486 添加客户创建人
INFO 2020-10-24 16:42:50,641 添加客户email
INFO 2020-10-24 16:48:57,936 登录功能开始
INFO 2020-10-24 16:48:58,097 -输入用户名-
INFO 2020-10-24 16:48:58,272 -输入密码-
INFO 2020-10-24 16:48:58,736 -点击登录-
INFO 2020-10-24 16:49:02,796 添加客户信息开始
INFO 2020-10-24 16:49:07,437 添加客户姓名
INFO 2020-10-24 16:49:07,842 添加客户出生日期
INFO 2020-10-24 16:49:07,940 添加客户创建人
INFO 2020-10-24 16:49:08,079 添加客户email
INFO 2020-10-24 16:51:13,635 登录功能开始
INFO 2020-10-24 16:51:13,829 -输入用户名-
INFO 2020-10-24 16:51:14,017 -输入密码-
INFO 2020-10-24 16:51:14,556 -点击登录-
INFO 2020-10-24 16:51:18,607 添加客户信息开始
INFO 2020-10-24 16:51:23,158 添加客户姓名
INFO 2020-10-24 16:51:23,511 添加客户出生日期
INFO 2020-10-24 16:51:23,596 添加客户创建人
INFO 2020-10-24 16:51:23,711 添加客户email
INFO 2020-10-24 16:58:34,605 登录功能开始
INFO 2020-10-24 16:58:35,502 -输入用户名-
INFO 2020-10-24 16:58:35,694 -输入密码-
INFO 2020-10-24 16:58:36,746 -点击登录-
INFO 2020-10-24 16:58:40,795 添加客户信息开始
INFO 2020-10-24 16:58:45,660 添加客户姓名
INFO 2020-10-24 16:58:46,058 添加客户出生日期
INFO 2020-10-24 16:58:46,150 添加客户创建人
INFO 2020-10-24 16:58:46,285 添加客户email
INFO 2020-10-24 17:00:53,378 登录功能开始
INFO 2020-10-24 17:00:53,508 -输入用户名-
INFO 2020-10-24 17:00:53,629 -输入密码-
INFO 2020-10-24 17:00:54,257 -点击登录-
INFO 2020-10-24 17:00:58,310 添加客户信息开始
INFO 2020-10-24 17:01:02,876 添加客户姓名
INFO 2020-10-24 17:01:03,127 添加客户出生日期
INFO 2020-10-24 17:01:03,191 添加客户创建人
INFO 2020-10-24 17:01:03,279 添加客户email
INFO 2020-10-24 17:01:08,422 -获取弹出框内容-
INFO 2020-10-24 17:02:43,818 登录功能开始
INFO 2020-10-24 17:02:43,948 -输入用户名-
INFO 2020-10-24 17:02:44,077 -输入密码-
INFO 2020-10-24 17:02:44,554 -点击登录-
INFO 2020-10-24 17:02:48,599 添加客户信息开始
INFO 2020-10-24 17:02:53,220 添加客户姓名
INFO 2020-10-24 17:02:53,555 添加客户出生日期
INFO 2020-10-24 17:02:53,639 添加客户创建人
INFO 2020-10-24 17:02:53,737 添加客户email
INFO 2020-10-24 17:04:36,752 登录功能开始
INFO 2020-10-24 17:04:36,923 -输入用户名-
INFO 2020-10-24 17:04:37,104 -输入密码-
INFO 2020-10-24 17:04:37,674 -点击登录-
INFO 2020-10-24 17:04:41,715 添加客户信息开始
INFO 2020-10-24 17:04:47,022 添加客户姓名
INFO 2020-10-24 17:04:47,302 添加客户出生日期
INFO 2020-10-24 17:04:47,379 添加客户创建人
INFO 2020-10-24 17:04:47,486 添加客户email
INFO 2020-10-24 17:04:52,650 -获取弹出框内容-
INFO 2020-10-24 17:05:46,896 登录功能开始
INFO 2020-10-24 17:05:47,166 -输入用户名-
INFO 2020-10-24 17:05:47,594 -输入密码-
INFO 2020-10-24 17:05:48,343 -点击登录-
INFO 2020-10-24 17:05:52,393 添加客户信息开始
INFO 2020-10-24 17:05:57,000 添加客户姓名
INFO 2020-10-24 17:05:57,364 添加客户出生日期
INFO 2020-10-24 17:05:57,450 添加客户创建人
INFO 2020-10-24 17:05:57,589 添加客户email
INFO 2020-10-24 17:06:02,667 -获取弹出框内容-
INFO 2020-10-24 17:06:49,422 登录功能开始
INFO 2020-10-24 17:06:49,600 -输入用户名-
INFO 2020-10-24 17:06:49,787 -输入密码-
INFO 2020-10-24 17:06:50,305 -点击登录-
INFO 2020-10-24 17:06:54,354 添加客户信息开始
INFO 2020-10-24 17:06:58,893 添加客户姓名
INFO 2020-10-24 17:06:59,227 添加客户出生日期
INFO 2020-10-24 17:06:59,303 添加客户创建人
INFO 2020-10-24 17:06:59,413 添加客户email
INFO 2020-10-24 17:09:06,566 登录功能开始
INFO 2020-10-24 17:09:06,805 -输入用户名-
INFO 2020-10-24 17:09:07,045 -输入密码-
INFO 2020-10-24 17:09:07,765 -点击登录-
INFO 2020-10-24 17:09:11,822 添加客户信息开始
INFO 2020-10-24 17:09:16,558 添加客户姓名
INFO 2020-10-24 17:09:16,925 添加客户出生日期
INFO 2020-10-24 17:09:17,009 添加客户创建人
INFO 2020-10-24 17:09:17,131 添加客户email
